TOUCANS
TERMINATORS
TEAL TITANS
SWEETHEARTS
SUGER BEES
STINGRAYS
STAR SHOOTERS
SPEEDY TURTLES
SPACE BABES
SILVER BUTTERFLIES
SCORPIONS
MIND TRIP
MIDNIGHT RAIDERS
MEAN GREEN ALIENS
MANARCHS
FUGITIVES
FLAMING TIGERS
FIRE STRIKERS
FIGHTING IRISH 
AVALANCHE
ANTEATERS
AMERICAN BABES
0% ANGELS 
Winner
Elixir Junior
Legalize
Savage
The Skyrynners
Shooting Stars
The Abusement Park
Chafing the Dream
The Big Egos

--- ROUND NO:1
TOUCANS                          -                      TERMINATORS
TEAL TITANS                      -                      SWEETHEARTS
SUGER BEES                       -                        STINGRAYS
STAR SHOOTERS                    -                   SPEEDY TURTLES
SPACE BABES                      -               SILVER BUTTERFLIES
SCORPIONS                        -                        MIND TRIP
MIDNIGHT RAIDERS                 -                MEAN GREEN ALIENS
MANARCHS                         -                        FUGITIVES
FLAMING TIGERS                   -                    FIRE STRIKERS
FIGHTING IRISH                   -                        AVALANCHE
ANTEATERS                        -                   AMERICAN BABES
0% ANGELS                        -                           Winner
Elixir Junior                    -                         Legalize
Savage                           -                   The Skyrynners
Shooting Stars                   -               The Abusement Park
Chafing the Dream                -                     The Big Egos

--- ROUND NO:2
Chafing the Dream                -               The Abusement Park
The Skyrynners                   -                    Elixir Junior
Winner                           -                   AMERICAN BABES
FIGHTING IRISH                   -                   FLAMING TIGERS
FUGITIVES                        -                MEAN GREEN ALIENS
MIND TRIP                        -               SILVER BUTTERFLIES
SPEEDY TURTLES                   -                        STINGRAYS
TEAL TITANS                      -                      TERMINATORS

--- ROUND NO:3
TERMINATORS                      -                   SPEEDY TURTLES
SILVER BUTTERFLIES               -                        FUGITIVES
FIGHTING IRISH                   -                           Winner
Elixir Junior                    -               The Abusement Park

--- ROUND NO:4
The Abusement Park               -                           Winner
SILVER BUTTERFLIES               -                      TERMINATORS

--- ROUND NO:5
TERMINATORS                      -               The Abusement Park

