UL TRA VIOLETS
TIGER LlLL YS
TEH DRAGONS
TEAM BUBBLICIOUS
TARANTULAS
SURGE
SUN DRAGONS
STRIKING COBRAS
STINGRAYS
SPRINTERS
SPARKLE GIRLS
SILVER KNIGHTS
SCREAMING EAGLES
MIRAGE
MIGHTY LIONS
MAROON MONKEYS
FURY
FLYING DRAGONS
FIREHAWKS
FIREBOLTS
FIGHTING IRISH 
AZTEC
ATLAS
AMERICAN EAGLES
ALIGATORS 
Fratii Camataru
Specii
Monster
Iuby Duby
Defending Champs
The Drifters
Between a Walk and a Hard Pace

--- ROUND NO:1
UL TRA VIOLETS                   -                    TIGER LlLL YS
TEH DRAGONS                      -                 TEAM BUBBLICIOUS
TARANTULAS                       -                            SURGE
SUN DRAGONS                      -                  STRIKING COBRAS
STINGRAYS                        -                        SPRINTERS
SPARKLE GIRLS                    -                   SILVER KNIGHTS
SCREAMING EAGLES                 -                           MIRAGE
MIGHTY LIONS                     -                   MAROON MONKEYS
FURY                             -                   FLYING DRAGONS
FIREHAWKS                        -                        FIREBOLTS
FIGHTING IRISH                   -                            AZTEC
ATLAS                            -                  AMERICAN EAGLES
ALIGATORS                        -                  Fratii Camataru
Specii                           -                          Monster
Iuby Duby                        -                 Defending Champs
The Drifters                     -   Between a Walk and a Hard Pace

--- ROUND NO:2
The Drifters                     -                 Defending Champs
Specii                           -                  Fratii Camataru
AMERICAN EAGLES                  -                  FIGHTING IRISH 
FIREHAWKS                        -                             FURY
MIGHTY LIONS                     -                 SCREAMING EAGLES
SILVER KNIGHTS                   -                        SPRINTERS
STRIKING COBRAS                  -                            SURGE
TEH DRAGONS                      -                    TIGER LlLL YS

--- ROUND NO:3
TIGER LlLL YS                    -                  STRIKING COBRAS
SPRINTERS                        -                 SCREAMING EAGLES
FIREHAWKS                        -                  FIGHTING IRISH 
Specii                           -                 Defending Champs

--- ROUND NO:4
Defending Champs                 -                  FIGHTING IRISH 
SPRINTERS                        -                    TIGER LlLL YS

--- ROUND NO:5
TIGER LlLL YS                    -                 Defending Champs

