VENOM
VALLEY GIRLS
UL TRA VIOLETS
TULIPS
TSUNAMI
TOUCANS
TLC
TIMBERWOLVES
TIGERS
TIGER LlLL YS
TERRIFIC TIGERS
TERMINATORS
TEEIE WAHINES
TEAM KAOS
TEAM BUBBLICIOUS
TEAL TITANS
TAZMANIAN DEVILS
TANGERINES
T -DAWGS
SWEETHEARTS
SUNKISSED
SUGAR PLUMS
SUGER BEES
STRIKING CANDY CANES
STRIKE FORCE
STARS
STARFISH
STAR SHOOTERS
STAR BURSTS
SPRINTERS
SPITFIRES
SPEEDY TURTLES
SPEED DEMONS
SPEED
SPACE BABES
SOCCER DIVAS
SOCCER ANGELS
SMURF-U
SILVER STARS
SILVER SHARKS
SILVER JETS
SILVER BUTTERFLIES
SHARK ATTACK
SERPENTS
SEALS
MYSTICS
MUD DOGS
MONARCHS
MOHAWKS
MIND TRIP
MIGHTY RAPTORS
MIGHTY MANIACS
MIGHTY GRASSHOPPERS
MIGHTY BLUE ANGELS
MERCURY
MEAN GREEN GECKOS
MEAN GREEN ALIENS
MAROON MONKEYS
MARLINS
MANTIS
MAG PIES
MAGENTA RAVENS
FUSION
FUGITIVES
FRAZZLE DAZZLE
FLYERS
FLASH
FLAME KICKERS
FIRE KRAKERS
FLAMING TIGERS
FLAMING DRAGONS
FIREBOLTS
FIREBALLS
FIRE STRIKERS
FIRE GIRLS
FIRE BALLS
FIRE ANGELS
FIRE
FIGHTING IRISH 
FARIA FARMS
FALCON
AVALANCHE
ATOMIC ICE
ARSENALS 
ANGELS WITH ATTITUDE
ANGELS 
AMERICAN EAGLES
ALMOST ANGELS
ALLIGATORS 
ALIEN PANTHERS ALIENS 
AGUlLAS
0% ANGELS 
Fratii Camataru
Cei 4 fantastici
Cercetasele
Sirenele
Winner
TNT
Cota 50
Monster
Cozonacu si Stomacu
L & M
Big Hands Hit Hard
Pic si Poc
Legalize
Do Not Stop
Flavius*2
Eugenia
Clanu Nicula
Night Eagels
The Skyrynners
4Team
Castigatorii
Extrem Boys
Shooting Stars
Fear the Fearless
Ferocious Killers
Goal Diggers
Wonder Women
The Abusement Park
The Drifters
Mad Cow Disease
Gangs of New Pork
Chafing the Dream
Honey Badgers
Between a Walk and a Hard Pace
The Big Egos
The Waiver Wire

--- ROUND NO:1
VENOM                            -                     VALLEY GIRLS
UL TRA VIOLETS                   -                           TULIPS
TSUNAMI                          -                          TOUCANS
TLC                              -                     TIMBERWOLVES
TIGERS                           -                    TIGER LlLL YS
TERRIFIC TIGERS                  -                      TERMINATORS
TEEIE WAHINES                    -                        TEAM KAOS
TEAM BUBBLICIOUS                 -                      TEAL TITANS
TAZMANIAN DEVILS                 -                       TANGERINES
T -DAWGS                         -                      SWEETHEARTS
SUNKISSED                        -                      SUGAR PLUMS
SUGER BEES                       -             STRIKING CANDY CANES
STRIKE FORCE                     -                            STARS
STARFISH                         -                    STAR SHOOTERS
STAR BURSTS                      -                        SPRINTERS
SPITFIRES                        -                   SPEEDY TURTLES
SPEED DEMONS                     -                            SPEED
SPACE BABES                      -                     SOCCER DIVAS
SOCCER ANGELS                    -                          SMURF-U
SILVER STARS                     -                    SILVER SHARKS
SILVER JETS                      -               SILVER BUTTERFLIES
SHARK ATTACK                     -                         SERPENTS
SEALS                            -                          MYSTICS
MUD DOGS                         -                         MONARCHS
MOHAWKS                          -                        MIND TRIP
MIGHTY RAPTORS                   -                   MIGHTY MANIACS
MIGHTY GRASSHOPPERS              -               MIGHTY BLUE ANGELS
MERCURY                          -                MEAN GREEN GECKOS
MEAN GREEN ALIENS                -                   MAROON MONKEYS
MARLINS                          -                           MANTIS
MAG PIES                         -                   MAGENTA RAVENS
FUSION                           -                        FUGITIVES
FRAZZLE DAZZLE                   -                           FLYERS
FLASH                            -                    FLAME KICKERS
FIRE KRAKERS                     -                   FLAMING TIGERS
FLAMING DRAGONS                  -                        FIREBOLTS
FIREBALLS                        -                    FIRE STRIKERS
FIRE GIRLS                       -                       FIRE BALLS
FIRE ANGELS                      -                             FIRE
FIGHTING IRISH                   -                      FARIA FARMS
FALCON                           -                        AVALANCHE
ATOMIC ICE                       -                        ARSENALS 
ANGELS WITH ATTITUDE             -                          ANGELS 
AMERICAN EAGLES                  -                    ALMOST ANGELS
ALLIGATORS                       -           ALIEN PANTHERS ALIENS 
AGUlLAS                          -                       0% ANGELS 
Fratii Camataru                  -                 Cei 4 fantastici
Cercetasele                      -                         Sirenele
Winner                           -                              TNT
Cota 50                          -                          Monster
Cozonacu si Stomacu              -                            L & M
Big Hands Hit Hard               -                       Pic si Poc
Legalize                         -                      Do Not Stop
Flavius*2                        -                          Eugenia
Clanu Nicula                     -                     Night Eagels
The Skyrynners                   -                            4Team
Castigatorii                     -                      Extrem Boys
Shooting Stars                   -                Fear the Fearless
Ferocious Killers                -                     Goal Diggers
Wonder Women                     -               The Abusement Park
The Drifters                     -                  Mad Cow Disease
Gangs of New Pork                -                Chafing the Dream
Honey Badgers                    -   Between a Walk and a Hard Pace
The Big Egos                     -                  The Waiver Wire

--- ROUND NO:2
The Waiver Wire                  -                    Honey Badgers
Chafing the Dream                -                     The Drifters
The Abusement Park               -                     Goal Diggers
Shooting Stars                   -                     Castigatorii
The Skyrynners                   -                     Night Eagels
Flavius*2                        -                      Do Not Stop
Pic si Poc                       -                            L & M
Cota 50                          -                           Winner
Sirenele                         -                  Fratii Camataru
AGUlLAS                          -           ALIEN PANTHERS ALIENS 
AMERICAN EAGLES                  -             ANGELS WITH ATTITUDE
ATOMIC ICE                       -                           FALCON
FIGHTING IRISH                   -                             FIRE
FIRE BALLS                       -                        FIREBALLS
FIREBOLTS                        -                     FIRE KRAKERS
FLASH                            -                   FRAZZLE DAZZLE
FUGITIVES                        -                   MAGENTA RAVENS
MANTIS                           -                MEAN GREEN ALIENS
MERCURY                          -              MIGHTY GRASSHOPPERS
MIGHTY MANIACS                   -                        MIND TRIP
MUD DOGS                         -                            SEALS
SERPENTS                         -               SILVER BUTTERFLIES
SILVER STARS                     -                    SOCCER ANGELS
SPACE BABES                      -                            SPEED
SPEEDY TURTLES                   -                      STAR BURSTS
STARFISH                         -                     STRIKE FORCE
STRIKING CANDY CANES             -                        SUNKISSED
SWEETHEARTS                      -                 TAZMANIAN DEVILS
TEAL TITANS                      -                    TEEIE WAHINES
TERRIFIC TIGERS                  -                    TIGER LlLL YS
TIMBERWOLVES                     -                          TOUCANS
TULIPS                           -                            VENOM

--- ROUND NO:3
TULIPS                           -                     TIMBERWOLVES
TIGER LlLL YS                    -                      TEAL TITANS
SWEETHEARTS                      -             STRIKING CANDY CANES
STARFISH                         -                      STAR BURSTS
SPEED                            -                     SILVER STARS
SERPENTS                         -                            SEALS
MIND TRIP                        -              MIGHTY GRASSHOPPERS
MANTIS                           -                        FUGITIVES
FRAZZLE DAZZLE                   -                     FIRE KRAKERS
FIRE BALLS                       -                  FIGHTING IRISH 
ATOMIC ICE                       -                  AMERICAN EAGLES
AGUlLAS                          -                         Sirenele
Winner                           -                            L & M
Flavius*2                        -                   The Skyrynners
Shooting Stars                   -               The Abusement Park
Chafing the Dream                -                    Honey Badgers

--- ROUND NO:4
Honey Badgers                    -                   Shooting Stars
Flavius*2                        -                            L & M
Sirenele                         -                       ATOMIC ICE
FIGHTING IRISH                   -                     FIRE KRAKERS
MANTIS                           -              MIGHTY GRASSHOPPERS
SERPENTS                         -                            SPEED
STAR BURSTS                      -             STRIKING CANDY CANES
TIGER LlLL YS                    -                           TULIPS

--- ROUND NO:5
TIGER LlLL YS                    -                      STAR BURSTS
SERPENTS                         -              MIGHTY GRASSHOPPERS
FIRE KRAKERS                     -                       ATOMIC ICE
Flavius*2                        -                    Honey Badgers

--- ROUND NO:6
Honey Badgers                    -                       ATOMIC ICE
SERPENTS                         -                    TIGER LlLL YS

--- ROUND NO:7
SERPENTS                         -                    Honey Badgers

